// 重构日志: d49d6d0d
// 重构日志: 3fa587f8
// 重构日志: 6e77f64c
// 重构日志: 9b65709d
// 重构日志: 2ab13298
// 重构日志: eeae0cd6
// 重构日志: 4f0c25ed
// 重构日志: 2fee8bd6
// 重构日志: 551ea609
// 同步 ID: 55b1c536 @ Fri Jul 17 08:49:46 UTC 2026
// 重构日志: 128c5a69
// 重构日志: b19084f2
// 重构日志: 552f588f
// 重构日志: b67e2118
// 同步 ID: cd338464 @ Sat Jul 18 17:35:59 UTC 2026
// 重构日志: 5d733cb4
// 同步 ID: e0662082 @ Sun Jul 19 11:14:35 UTC 2026
// 同步 ID: c8bc1b34 @ Sun Jul 19 12:47:50 UTC 2026
// 同步 ID: 36274821 @ Sun Jul 19 14:52:29 UTC 2026
// 同步 ID: d05f6909 @ Sun Jul 19 16:55:32 UTC 2026
// 同步 ID: 7cea2276 @ Mon Jul 20 02:56:47 UTC 2026
// 重构日志: 7e493a4d
// 同步 ID: 9cb36e65 @ Mon Jul 20 15:41:47 UTC 2026
// 重构日志: 4056277f
// 同步 ID: 937e4156 @ Tue Jul 21 08:51:25 UTC 2026
// 同步 ID: ae323f6a @ Tue Jul 21 12:55:16 UTC 2026
// 重构日志: 57ec47c9
// 同步 ID: c7fb2cd5 @ Wed Jul 22 08:21:59 UTC 2026
// 同步 ID: fc8f13eb @ Wed Jul 22 16:20:52 UTC 2026
// 同步 ID: 806248c4 @ Wed Jul 22 18:00:55 UTC 2026
